C:\Program Files\Microsoft Visual Studio\2022\Community\MSBuild\Microsoft\VC\v170\Microsoft.CppBuild.targets(1118,5): warning MSB8027: Co najmniej dwa pliki o nazwie FontShader.cpp będą tworzyć dane wyjściowe w tej samej lokalizacji. Może to spowodować niepoprawny wynik kompilacji. Pliki, których dotyczy problem: src\fontRendering\FontShader.cpp, src\shaders\FontShader.cpp.
  Application.cpp
C:\dev\3D-Model-Viewer\src\renderEngine\Vertex.h(8,51): warning C4244: "inicjowanie": konwersja z "glm::vec<3,float,glm::packed_highp>::length_type" do "float", możliwa utrata danych
C:\dev\3D-Model-Viewer\src\normalMappingRenderer\VertexNM.h(15,34): warning C4244: "return": konwersja z "float" do "int", możliwa utrata danych
C:\dev\3D-Model-Viewer\src\Application.cpp(205,52): warning C4244: "argument": konwersja z "int" do "float", możliwa utrata danych
C:\dev\3D-Model-Viewer\src\Application.cpp(205,45): warning C4244: "argument": konwersja z "int" do "float", możliwa utrata danych
C:\dev\3D-Model-Viewer\src\Application.cpp(207,112): warning C4244: "argument": konwersja z "int" do "float", możliwa utrata danych
C:\dev\3D-Model-Viewer\src\Application.cpp(207,105): warning C4244: "argument": konwersja z "int" do "float", możliwa utrata danych
C:\dev\3D-Model-Viewer\src\Application.cpp(207,133): warning C4244: "argument": konwersja z "int" do "float", możliwa utrata danych
  NormalMappingRenderer.cpp
  MasterRenderer.cpp
  ShadowBox.cpp
  ShadowMapMasterRenderer.cpp
Release\FontShader.obj : warning LNK4042: obiekt określono więcej niż raz; dodatkowe wystąpienia zostały zignorowane
LINK : warning LNK4098: domyślna biblioteka „LIBCMT” powoduje konflikt z innymi bibliotekami; użyj opcji /NODEFAULTLIB:biblioteka
  Trwa generowanie kodu
  1 of 2222 functions (<0.1%) were compiled, the rest were copied from previous compilation.
    0 functions were new in current compilation
    10 functions had inline decision re-evaluated but remain unchanged
  Zakończono generowanie kodu
glew32s.lib(glew.obj) : warning LNK4099: nie znaleziono pliku PDB „vc120.pdb” z elementem „glew32s.lib(glew.obj)” lub w pozycji „C:\dev\3D-Model-Viewer\Release\vc120.pdb”; obiekt zostanie skonsolidowany bez informacji debugowania
  3DModelViewer.vcxproj -> C:\dev\3D-Model-Viewer\Release\3DModelViewer.exe
